<?xml version="1.0" encoding="UTF-8"?>
<!-- Generated by org.testng.reporters.JUnitXMLReporter -->
<testsuite ignored="2" hostname="DESKTOP-KKKPQQ1" failures="0" tests="3" name="Test1" time="0.066" errors="0" timestamp="2022-11-29T22:42:13 IST">
  <testcase classname="TestNG_keyword.disabledgroups" name="TC1" time="0.01"/>
  <testcase classname="TestNG_keyword.disabledgroups" name="TC3" time="0.002"/>
  <testcase classname="TestNG_keyword.disabledgroups" name="TC4" time="0.001"/>
  <testcase classname="TestNG_keyword.disabledgroups" name="TC2" time="0.0">
    <ignored/>
  </testcase> <!-- TC2 -->
  <testcase classname="TestNG_keyword.disabledgroups" name="TC5" time="0.0">
    <ignored/>
  </testcase> <!-- TC5 -->
</testsuite> <!-- Test1 -->
