<?xml version="1.0" encoding="UTF-8"?>
<testng-results ignored="0" total="1" passed="1" failed="0" skipped="0">
  <reporter-output>
    <line>
      <![CDATA[valid user]]>
    </line>
    <line>
      <![CDATA[logout done]]>
    </line>
    <line>
      <![CDATA[closing browser]]>
    </line>
  </reporter-output>
  <suite started-at="2023-01-20T16:47:01 IST" name="Default suite" finished-at="2023-01-20T16:47:27 IST" duration-ms="26222">
    <groups>
    </groups>
    <test started-at="2023-01-20T16:47:01 IST" name="Default test" finished-at="2023-01-20T16:47:27 IST" duration-ms="26222">
      <class name="testngpractice.testclasswithTestng">
        <test-method is-config="true" signature="browserConfigure()[pri:0, instance:testngpractice.testclasswithTestng@3427b02d]" started-at="2023-01-20T16:47:01 IST" name="browserConfigure" finished-at="2023-01-20T16:47:02 IST" duration-ms="1725" status="PASS">
          <reporter-output>
          </reporter-output>
        </test-method> <!-- browserConfigure -->
        <test-method is-config="true" signature="openapplication()[pri:0, instance:testngpractice.testclasswithTestng@3427b02d]" started-at="2023-01-20T16:47:02 IST" name="openapplication" finished-at="2023-01-20T16:47:08 IST" duration-ms="5390" status="PASS">
          <reporter-output>
          </reporter-output>
        </test-method> <!-- openapplication -->
        <test-method is-config="true" signature="login()[pri:0, instance:testngpractice.testclasswithTestng@3427b02d]" started-at="2023-01-20T16:47:08 IST" name="login" finished-at="2023-01-20T16:47:11 IST" duration-ms="2775" status="PASS">
          <reporter-output>
          </reporter-output>
        </test-method> <!-- login -->
        <test-method signature="validation()[pri:0, instance:testngpractice.testclasswithTestng@3427b02d]" started-at="2023-01-20T16:47:11 IST" name="validation" finished-at="2023-01-20T16:47:11 IST" duration-ms="7" status="PASS">
          <reporter-output>
            <line>
              <![CDATA[valid user]]>
            </line>
          </reporter-output>
        </test-method> <!-- validation -->
        <test-method is-config="true" signature="logout()[pri:0, instance:testngpractice.testclasswithTestng@3427b02d]" started-at="2023-01-20T16:47:11 IST" name="logout" finished-at="2023-01-20T16:47:11 IST" duration-ms="0" status="PASS">
          <reporter-output>
            <line>
              <![CDATA[logout done]]>
            </line>
          </reporter-output>
        </test-method> <!-- logout -->
        <test-method is-config="true" signature="closingapplication()[pri:0, instance:testngpractice.testclasswithTestng@3427b02d]" started-at="2023-01-20T16:47:11 IST" name="closingapplication" finished-at="2023-01-20T16:47:27 IST" duration-ms="16270" status="PASS">
          <reporter-output>
          </reporter-output>
        </test-method> <!-- closingapplication -->
        <test-method is-config="true" signature="closeBrowser()[pri:0, instance:testngpractice.testclasswithTestng@3427b02d]" started-at="2023-01-20T16:47:27 IST" name="closeBrowser" finished-at="2023-01-20T16:47:27 IST" duration-ms="0" status="PASS">
          <reporter-output>
            <line>
              <![CDATA[closing browser]]>
            </line>
          </reporter-output>
        </test-method> <!-- closeBrowser -->
      </class> <!-- testngpractice.testclasswithTestng -->
    </test> <!-- Default test -->
  </suite> <!-- Default suite -->
</testng-results>
